[INFO  - 2017-11-02T21:12:52.344Z] GhostDriver - Main - running on port 55526
[INFO  - 2017-11-02T21:12:52.653Z] Session [96965b70-c012-11e7-93dd-dd37a42a4236] - page.settings - {"XSSAuditingEnabled":false,"javascriptCanCloseWindows":true,"javascriptCanOpenWindows":true,"javascriptEnabled":true,"loadImages":true,"localToRemoteUrlAccessEnabled":false,"userAgent":"Mozilla/5.0 (Macintosh; Intel Mac OS X) AppleWebKit/538.1 (KHTML, like Gecko) PhantomJS/2.1.1 Safari/538.1","webSecurityEnabled":true}
[INFO  - 2017-11-02T21:12:52.653Z] Session [96965b70-c012-11e7-93dd-dd37a42a4236] - page.customHeaders:  - {}
[INFO  - 2017-11-02T21:12:52.653Z] Session [96965b70-c012-11e7-93dd-dd37a42a4236] - Session.negotiatedCapabilities - {"browserName":"phantomjs","version":"2.1.1","driverName":"ghostdriver","driverVersion":"1.2.0","platform":"mac-10.11 (El Capitan)-64bit","javascriptEnabled":true,"takesScreenshot":true,"handlesAlerts":false,"databaseEnabled":false,"locationContextEnabled":false,"applicationCacheEnabled":false,"browserConnectionEnabled":false,"cssSelectorsEnabled":true,"webStorageEnabled":false,"rotatable":false,"acceptSslCerts":false,"nativeEvents":true,"proxy":{"proxyType":"direct"}}
[INFO  - 2017-11-02T21:12:52.653Z] SessionManagerReqHand - _postNewSessionCommand - New Session Created: 96965b70-c012-11e7-93dd-dd37a42a4236
[ERROR - 2017-11-02T21:13:25.597Z] Session [96965b70-c012-11e7-93dd-dd37a42a4236] - page.onError - msg: Error: Loading chunk 291 failed.

  phantomjs://platform/console++.js:263 in error
[ERROR - 2017-11-02T21:13:25.597Z] Session [96965b70-c012-11e7-93dd-dd37a42a4236] - page.onError - stack:
  oe (https://assets.angel.co/webpack/application-3e93845ae7805540d35a.js:1)

  phantomjs://platform/console++.js:263 in error
[ERROR - 2017-11-02T21:13:25.599Z] Session [96965b70-c012-11e7-93dd-dd37a42a4236] - page.onError - msg: Unhandled promise rejection Error: Loading chunk 181 failed.

  phantomjs://platform/console++.js:263 in error
[ERROR - 2017-11-02T21:13:25.599Z] Session [96965b70-c012-11e7-93dd-dd37a42a4236] - page.onError - stack:
  (anonymous function) (https://assets.angel.co/webpack/application-3e93845ae7805540d35a.js:114)

  phantomjs://platform/console++.js:263 in error
[ERROR - 2017-11-02T21:13:25.599Z] Session [96965b70-c012-11e7-93dd-dd37a42a4236] - page.onError - msg: Unhandled promise rejection Error: Loading chunk 181 failed.

  phantomjs://platform/console++.js:263 in error
[ERROR - 2017-11-02T21:13:25.599Z] Session [96965b70-c012-11e7-93dd-dd37a42a4236] - page.onError - stack:
  (anonymous function) (https://assets.angel.co/webpack/application-3e93845ae7805540d35a.js:114)

  phantomjs://platform/console++.js:263 in error
[ERROR - 2017-11-02T21:13:25.599Z] Session [96965b70-c012-11e7-93dd-dd37a42a4236] - page.onError - msg: Unhandled promise rejection Error: Loading chunk 181 failed.

  phantomjs://platform/console++.js:263 in error
[ERROR - 2017-11-02T21:13:25.599Z] Session [96965b70-c012-11e7-93dd-dd37a42a4236] - page.onError - stack:
  (anonymous function) (https://assets.angel.co/webpack/application-3e93845ae7805540d35a.js:114)

  phantomjs://platform/console++.js:263 in error
[ERROR - 2017-11-02T21:13:25.599Z] Session [96965b70-c012-11e7-93dd-dd37a42a4236] - page.onError - msg: Unhandled promise rejection Error: Loading chunk 291 failed.

  phantomjs://platform/console++.js:263 in error
[ERROR - 2017-11-02T21:13:25.599Z] Session [96965b70-c012-11e7-93dd-dd37a42a4236] - page.onError - stack:
  (anonymous function) (https://assets.angel.co/webpack/application-3e93845ae7805540d35a.js:114)

  phantomjs://platform/console++.js:263 in error
[ERROR - 2017-11-02T21:13:25.599Z] Session [96965b70-c012-11e7-93dd-dd37a42a4236] - page.onError - msg: Unhandled promise rejection Error: Loading chunk 369 failed.

  phantomjs://platform/console++.js:263 in error
[ERROR - 2017-11-02T21:13:25.599Z] Session [96965b70-c012-11e7-93dd-dd37a42a4236] - page.onError - stack:
  (anonymous function) (https://assets.angel.co/webpack/application-3e93845ae7805540d35a.js:114)

  phantomjs://platform/console++.js:263 in error
[ERROR - 2017-11-02T21:13:25.599Z] Session [96965b70-c012-11e7-93dd-dd37a42a4236] - page.onError - msg: Unhandled promise rejection Error: Loading chunk 369 failed.

  phantomjs://platform/console++.js:263 in error
[ERROR - 2017-11-02T21:13:25.600Z] Session [96965b70-c012-11e7-93dd-dd37a42a4236] - page.onError - stack:
  (anonymous function) (https://assets.angel.co/webpack/application-3e93845ae7805540d35a.js:114)

  phantomjs://platform/console++.js:263 in error
[ERROR - 2017-11-02T21:13:25.600Z] Session [96965b70-c012-11e7-93dd-dd37a42a4236] - page.onError - msg: Unhandled promise rejection Error: Loading chunk 369 failed.

  phantomjs://platform/console++.js:263 in error
[ERROR - 2017-11-02T21:13:25.600Z] Session [96965b70-c012-11e7-93dd-dd37a42a4236] - page.onError - stack:
  (anonymous function) (https://assets.angel.co/webpack/application-3e93845ae7805540d35a.js:114)

  phantomjs://platform/console++.js:263 in error
[ERROR - 2017-11-02T21:13:25.600Z] Session [96965b70-c012-11e7-93dd-dd37a42a4236] - page.onError - msg: Unhandled promise rejection Error: Loading chunk 369 failed.

  phantomjs://platform/console++.js:263 in error
[ERROR - 2017-11-02T21:13:25.600Z] Session [96965b70-c012-11e7-93dd-dd37a42a4236] - page.onError - stack:
  (anonymous function) (https://assets.angel.co/webpack/application-3e93845ae7805540d35a.js:114)

  phantomjs://platform/console++.js:263 in error
[ERROR - 2017-11-02T21:13:25.600Z] Session [96965b70-c012-11e7-93dd-dd37a42a4236] - page.onError - msg: Unhandled promise rejection Error: Loading chunk 244 failed.

  phantomjs://platform/console++.js:263 in error
[ERROR - 2017-11-02T21:13:25.600Z] Session [96965b70-c012-11e7-93dd-dd37a42a4236] - page.onError - stack:
  (anonymous function) (https://assets.angel.co/webpack/application-3e93845ae7805540d35a.js:114)

  phantomjs://platform/console++.js:263 in error
[ERROR - 2017-11-02T21:13:25.600Z] Session [96965b70-c012-11e7-93dd-dd37a42a4236] - page.onError - msg: Unhandled promise rejection Error: Loading chunk 244 failed.

  phantomjs://platform/console++.js:263 in error
[ERROR - 2017-11-02T21:13:25.600Z] Session [96965b70-c012-11e7-93dd-dd37a42a4236] - page.onError - stack:
  (anonymous function) (https://assets.angel.co/webpack/application-3e93845ae7805540d35a.js:114)

  phantomjs://platform/console++.js:263 in error
[ERROR - 2017-11-02T21:13:25.600Z] Session [96965b70-c012-11e7-93dd-dd37a42a4236] - page.onError - msg: Unhandled promise rejection Error: Loading chunk 244 failed.

  phantomjs://platform/console++.js:263 in error
[ERROR - 2017-11-02T21:13:25.600Z] Session [96965b70-c012-11e7-93dd-dd37a42a4236] - page.onError - stack:
  (anonymous function) (https://assets.angel.co/webpack/application-3e93845ae7805540d35a.js:114)

  phantomjs://platform/console++.js:263 in error
[ERROR - 2017-11-02T21:13:25.600Z] Session [96965b70-c012-11e7-93dd-dd37a42a4236] - page.onError - msg: Unhandled promise rejection Error: Loading chunk 244 failed.

  phantomjs://platform/console++.js:263 in error
[ERROR - 2017-11-02T21:13:25.600Z] Session [96965b70-c012-11e7-93dd-dd37a42a4236] - page.onError - stack:
  (anonymous function) (https://assets.angel.co/webpack/application-3e93845ae7805540d35a.js:114)

  phantomjs://platform/console++.js:263 in error
[ERROR - 2017-11-02T21:13:25.600Z] Session [96965b70-c012-11e7-93dd-dd37a42a4236] - page.onError - msg: Unhandled promise rejection Error: Loading chunk 244 failed.

  phantomjs://platform/console++.js:263 in error
[ERROR - 2017-11-02T21:13:25.600Z] Session [96965b70-c012-11e7-93dd-dd37a42a4236] - page.onError - stack:
  (anonymous function) (https://assets.angel.co/webpack/application-3e93845ae7805540d35a.js:114)

  phantomjs://platform/console++.js:263 in error
[ERROR - 2017-11-02T21:13:25.600Z] Session [96965b70-c012-11e7-93dd-dd37a42a4236] - page.onError - msg: Unhandled promise rejection Error: Loading chunk 244 failed.

  phantomjs://platform/console++.js:263 in error
[ERROR - 2017-11-02T21:13:25.600Z] Session [96965b70-c012-11e7-93dd-dd37a42a4236] - page.onError - stack:
  (anonymous function) (https://assets.angel.co/webpack/application-3e93845ae7805540d35a.js:114)

  phantomjs://platform/console++.js:263 in error
[ERROR - 2017-11-02T21:13:25.600Z] Session [96965b70-c012-11e7-93dd-dd37a42a4236] - page.onError - msg: Unhandled promise rejection Error: Loading chunk 244 failed.

  phantomjs://platform/console++.js:263 in error
[ERROR - 2017-11-02T21:13:25.600Z] Session [96965b70-c012-11e7-93dd-dd37a42a4236] - page.onError - stack:
  (anonymous function) (https://assets.angel.co/webpack/application-3e93845ae7805540d35a.js:114)

  phantomjs://platform/console++.js:263 in error
[ERROR - 2017-11-02T21:13:25.600Z] Session [96965b70-c012-11e7-93dd-dd37a42a4236] - page.onError - msg: Unhandled promise rejection Error: Loading chunk 244 failed.

  phantomjs://platform/console++.js:263 in error
[ERROR - 2017-11-02T21:13:25.600Z] Session [96965b70-c012-11e7-93dd-dd37a42a4236] - page.onError - stack:
  (anonymous function) (https://assets.angel.co/webpack/application-3e93845ae7805540d35a.js:114)

  phantomjs://platform/console++.js:263 in error
[ERROR - 2017-11-02T21:13:25.600Z] Session [96965b70-c012-11e7-93dd-dd37a42a4236] - page.onError - msg: Unhandled promise rejection Error: Loading chunk 244 failed.

  phantomjs://platform/console++.js:263 in error
[ERROR - 2017-11-02T21:13:25.600Z] Session [96965b70-c012-11e7-93dd-dd37a42a4236] - page.onError - stack:
  (anonymous function) (https://assets.angel.co/webpack/application-3e93845ae7805540d35a.js:114)

  phantomjs://platform/console++.js:263 in error
[ERROR - 2017-11-02T21:13:25.600Z] Session [96965b70-c012-11e7-93dd-dd37a42a4236] - page.onError - msg: Unhandled promise rejection Error: Loading chunk 244 failed.

  phantomjs://platform/console++.js:263 in error
[ERROR - 2017-11-02T21:13:25.600Z] Session [96965b70-c012-11e7-93dd-dd37a42a4236] - page.onError - stack:
  (anonymous function) (https://assets.angel.co/webpack/application-3e93845ae7805540d35a.js:114)

  phantomjs://platform/console++.js:263 in error
[ERROR - 2017-11-02T21:13:45.083Z] WebElementLocator - _handleLocateCommand - Element(s) NOT Found: GAVE UP. Search Stop Time: 1509657225081

  phantomjs://platform/console++.js:263 in error
